<?xml version="1.0" encoding="UTF-8"?>
<testsuite xmlns:xsi="http://www.w3.org/2001/XMLSchema-instance" xsi:noNamespaceSchemaLocation="https://maven.apache.org/surefire/maven-surefire-plugin/xsd/surefire-test-report.xsd" version="3.0.2" name="softwareengineerassignment4.PersonTest" time="0.183" tests="15" errors="0" skipped="0" failures="0">
  <properties>
    <property name="java.specification.version" value="21"/>
    <property name="sun.cpu.isalist" value="amd64"/>
    <property name="sun.jnu.encoding" value="Cp1252"/>
    <property name="java.class.path" value="C:\Users\mqtra\Desktop\Software-Engineer-Assignment-4\target\test-classes;C:\Users\mqtra\Desktop\Software-Engineer-Assignment-4\target\classes;C:\Users\mqtra\.m2\repository\org\junit\jupiter\junit-jupiter-api\5.12.2\junit-jupiter-api-5.12.2.jar;C:\Users\mqtra\.m2\repository\org\opentest4j\opentest4j\1.3.0\opentest4j-1.3.0.jar;C:\Users\mqtra\.m2\repository\org\junit\platform\junit-platform-commons\1.12.2\junit-platform-commons-1.12.2.jar;C:\Users\mqtra\.m2\repository\org\apiguardian\apiguardian-api\1.1.2\apiguardian-api-1.1.2.jar;C:\Users\mqtra\.m2\repository\org\junit\jupiter\junit-jupiter-engine\5.12.2\junit-jupiter-engine-5.12.2.jar;C:\Users\mqtra\.m2\repository\org\junit\platform\junit-platform-engine\1.12.2\junit-platform-engine-1.12.2.jar;"/>
    <property name="java.vm.vendor" value="Oracle Corporation"/>
    <property name="sun.arch.data.model" value="64"/>
    <property name="user.variant" value=""/>
    <property name="java.vendor.url" value="https://java.oracle.com/"/>
    <property name="user.timezone" value="Australia/Sydney"/>
    <property name="os.name" value="Windows 11"/>
    <property name="java.vm.specification.version" value="21"/>
    <property name="sun.java.launcher" value="SUN_STANDARD"/>
    <property name="user.country" value="AU"/>
    <property name="sun.boot.library.path" value="C:\Program Files\Java\jdk-21\bin"/>
    <property name="sun.java.command" value="C:\Users\mqtra\AppData\Local\Temp\surefire8890780636855868359\surefirebooter-20250606184318751_3.jar C:\Users\mqtra\AppData\Local\Temp\surefire8890780636855868359 2025-06-06T18-43-18_511-jvmRun1 surefire-20250606184318751_1tmp surefire_0-20250606184318751_2tmp"/>
    <property name="jdk.debug" value="release"/>
    <property name="surefire.test.class.path" value="C:\Users\mqtra\Desktop\Software-Engineer-Assignment-4\target\test-classes;C:\Users\mqtra\Desktop\Software-Engineer-Assignment-4\target\classes;C:\Users\mqtra\.m2\repository\org\junit\jupiter\junit-jupiter-api\5.12.2\junit-jupiter-api-5.12.2.jar;C:\Users\mqtra\.m2\repository\org\opentest4j\opentest4j\1.3.0\opentest4j-1.3.0.jar;C:\Users\mqtra\.m2\repository\org\junit\platform\junit-platform-commons\1.12.2\junit-platform-commons-1.12.2.jar;C:\Users\mqtra\.m2\repository\org\apiguardian\apiguardian-api\1.1.2\apiguardian-api-1.1.2.jar;C:\Users\mqtra\.m2\repository\org\junit\jupiter\junit-jupiter-engine\5.12.2\junit-jupiter-engine-5.12.2.jar;C:\Users\mqtra\.m2\repository\org\junit\platform\junit-platform-engine\1.12.2\junit-platform-engine-1.12.2.jar;"/>
    <property name="sun.cpu.endian" value="little"/>
    <property name="user.home" value="C:\Users\mqtra"/>
    <property name="user.language" value="en"/>
    <property name="java.specification.vendor" value="Oracle Corporation"/>
    <property name="java.version.date" value="2024-10-15"/>
    <property name="java.home" value="C:\Program Files\Java\jdk-21"/>
    <property name="file.separator" value="\"/>
    <property name="basedir" value="C:\Users\mqtra\Desktop\Software-Engineer-Assignment-4"/>
    <property name="java.vm.compressedOopsMode" value="32-bit"/>
    <property name="line.separator" value="&#10;"/>
    <property name="java.vm.specification.vendor" value="Oracle Corporation"/>
    <property name="java.specification.name" value="Java Platform API Specification"/>
    <property name="surefire.real.class.path" value="C:\Users\mqtra\AppData\Local\Temp\surefire8890780636855868359\surefirebooter-20250606184318751_3.jar"/>
    <property name="user.script" value=""/>
    <property name="sun.management.compiler" value="HotSpot 64-Bit Tiered Compilers"/>
    <property name="java.runtime.version" value="21.0.5+9-LTS-239"/>
    <property name="user.name" value="mqtra"/>
    <property name="stdout.encoding" value="Cp1252"/>
    <property name="path.separator" value=";"/>
    <property name="os.version" value="10.0"/>
    <property name="java.runtime.name" value="Java(TM) SE Runtime Environment"/>
    <property name="file.encoding" value="UTF-8"/>
    <property name="java.vm.name" value="Java HotSpot(TM) 64-Bit Server VM"/>
    <property name="localRepository" value="C:\Users\mqtra\.m2\repository"/>
    <property name="java.vendor.url.bug" value="https://bugreport.java.com/bugreport/"/>
    <property name="java.io.tmpdir" value="C:\Users\mqtra\AppData\Local\Temp\"/>
    <property name="java.version" value="21.0.5"/>
    <property name="user.dir" value="C:\Users\mqtra\Desktop\Software-Engineer-Assignment-4"/>
    <property name="os.arch" value="amd64"/>
    <property name="java.vm.specification.name" value="Java Virtual Machine Specification"/>
    <property name="sun.os.patch.level" value=""/>
    <property name="native.encoding" value="Cp1252"/>
    <property name="java.library.path" value="C:\Program Files\Java\jdk-21\bin;C:\WINDOWS\Sun\Java\bin;C:\WINDOWS\system32;C:\WINDOWS;C:\Users\mqtra\AppData\Roaming\Code\User\globalStorage\pleiades.java-extension-pack-jdk\gradle\latest\bin;C:\Users\mqtra\AppData\Roaming\Code\User\globalStorage\pleiades.java-extension-pack-jdk\maven\latest\bin;C:\Program Files\Java\jdk-21\bin;C:\Program Files\Common Files\Oracle\Java\javapath;C:\Program Files\Eclipse Adoptium\jdk-21.0.3.9-hotspot\bin;C:\Windows\system32;C:\Windows;C:\Windows\System32\Wbem;C:\Windows\System32\WindowsPowerShell\v1.0\;C:\Windows\System32\OpenSSH\;C:\Program Files (x86)\NVIDIA Corporation\PhysX\Common;C:\Program Files\NVIDIA Corporation\NVIDIA NvDLISR;C:\Program Files\Git\cmd;C:\WINDOWS\system32;C:\WINDOWS;C:\WINDOWS\System32\Wbem;C:\WINDOWS\System32\WindowsPowerShell\v1.0\;C:\WINDOWS\System32\OpenSSH\;C:\Users\mqtra\AppData\Local\Microsoft\WindowsApps;C:\Users\mqtra\AppData\Local\Programs\Microsoft VS Code\bin;;c:\Users\mqtra\AppData\Roaming\Code\User\globalStorage\github.copilot-chat\debugCommand;."/>
    <property name="java.vm.info" value="mixed mode, sharing"/>
    <property name="stderr.encoding" value="Cp1252"/>
    <property name="java.vendor" value="Oracle Corporation"/>
    <property name="java.vm.version" value="21.0.5+9-LTS-239"/>
    <property name="sun.io.unicode.encoding" value="UnicodeLittle"/>
    <property name="java.class.version" value="65.0"/>
  </properties>
  <testcase name="updatePersonalDetails_validAddressUpdate_returnsTrue" classname="softwareengineerassignment4.PersonTest" time="0.067"/>
  <testcase name="addDemeritPoints_invalidDate_returnsFailed" classname="softwareengineerassignment4.PersonTest" time="0.007"/>
  <testcase name="addDemeritPoints_suspensionTriggered_returnsSuccessAndSuspends" classname="softwareengineerassignment4.PersonTest" time="0.014"/>
  <testcase name="addPerson_shortPersonID_returnsFalse" classname="softwareengineerassignment4.PersonTest" time="0.002"/>
  <testcase name="addDemeritPoints_validInput_returnsSuccess" classname="softwareengineerassignment4.PersonTest" time="0.006"/>
  <testcase name="addPerson_invalidAddress_returnsFalse" classname="softwareengineerassignment4.PersonTest" time="0.011"/>
  <testcase name="addDemeritPoints_pointsZero_returnsFailed" classname="softwareengineerassignment4.PersonTest" time="0.003"/>
  <testcase name="updatePersonalDetails_birthdayAndNameChange_returnsFalse" classname="softwareengineerassignment4.PersonTest" time="0.003"/>
  <testcase name="addDemeritPoints_pointsSeven_returnsFailed" classname="softwareengineerassignment4.PersonTest" time="0.005"/>
  <testcase name="addPerson_validInput_returnsTrue" classname="softwareengineerassignment4.PersonTest" time="0.005"/>
  <testcase name="addPerson_invalidBirthdate_returnsFalse" classname="softwareengineerassignment4.PersonTest" time="0.002"/>
  <testcase name="updatePersonalDetails_idChangeBlocked_returnsFalse" classname="softwareengineerassignment4.PersonTest" time="0.001"/>
  <testcase name="updatePersonalDetails_validNameUpdate_returnsTrue" classname="softwareengineerassignment4.PersonTest" time="0.006"/>
  <testcase name="updatePersonalDetails_addressUpdateMinor_returnsFalse" classname="softwareengineerassignment4.PersonTest" time="0.004"/>
  <testcase name="addPerson_invalidPersonID_returnsFalse" classname="softwareengineerassignment4.PersonTest" time="0.002"/>
</testsuite>